<?xml version="1.0" encoding="UTF-8"?>
<testsuite xmlns:xsi="http://www.w3.org/2001/XMLSchema-instance" xsi:noNamespaceSchemaLocation="https://maven.apache.org/surefire/maven-surefire-plugin/xsd/surefire-test-report.xsd" name="com.qf.j1902.test.TagTest" time="4.625" tests="3" errors="0" skipped="0" failures="0">
  <properties>
[...]
</properties>
  <testcase name="test1" classname="com.qf.j1902.test.TagTest" time="3.533"/>
  <testcase name="test2" classname="com.qf.j1902.test.TagTest" time="1.022"/>
  <testcase name="test3" classname="com.qf.j1902.test.TagTest" time="0.003"/>
</testsuite>